<?xml version="1.0" encoding="UTF-8"?>
<testsuite name="com.hwibin.boardproject.SpringbootBoardProjectApplicationTests" tests="1" skipped="0" failures="0" errors="0" timestamp="2023-12-24T14:02:48" hostname="DESKTOP-PVBCV8D" time="0.774">
  <properties/>
  <testcase name="contextLoads()" classname="com.hwibin.boardproject.SpringbootBoardProjectApplicationTests" time="0.774"/>
  <system-out><![CDATA[23:02:46.077 [Test worker] INFO org.springframework.test.context.support.AnnotationConfigContextLoaderUtils -- Could not detect default configuration classes for test class [com.hwibin.boardproject.SpringbootBoardProjectApplicationTests]: SpringbootBoardProjectApplicationTests does not declare any static, non-private, non-final, nested classes annotated with @Configuration.
23:02:46.191 [Test worker] INFO org.springframework.boot.test.context.SpringBootTestContextBootstrapper -- Found @SpringBootConfiguration com.hwibin.boardproject.SpringbootBoardProjectApplication for test class com.hwibin.boardproject.SpringbootBoardProjectApplicationTests

  .   ____          _            __ _ _
 /\\ / ___'_ __ _ _(_)_ __  __ _ \ \ \ \
( ( )\___ | '_ | '_| | '_ \/ _` | \ \ \ \
 \\/  ___)| |_)| | | | | || (_| |  ) ) ) )
  '  |____| .__|_| |_|_| |_\__, | / / / /
 =========|_|==============|___/=/_/_/_/
 :: Spring Boot ::                (v3.2.1)

2023-12-24T23:02:46.592+09:00  INFO 31100 --- [    Test worker] b.SpringbootBoardProjectApplicationTests : Starting SpringbootBoardProjectApplicationTests using Java 17.0.6 with PID 31100 (started by user in C:\Users\user\Desktop\board_project\springboot-board-project)
2023-12-24T23:02:46.593+09:00  INFO 31100 --- [    Test worker] b.SpringbootBoardProjectApplicationTests : No active profile set, falling back to 1 default profile: "default"
2023-12-24T23:02:48.119+09:00  INFO 31100 --- [    Test worker] o.s.b.a.e.web.EndpointLinksResolver      : Exposing 1 endpoint(s) beneath base path '/actuator'
2023-12-24T23:02:48.179+09:00  INFO 31100 --- [    Test worker] b.SpringbootBoardProjectApplicationTests : Started SpringbootBoardProjectApplicationTests in 1.808 seconds (process running for 2.979)
]]></system-out>
  <system-err><![CDATA[]]></system-err>
</testsuite>
